{
  "stats": {
    "suites": 1,
    "tests": 2,
    "passes": 2,
    "pending": 0,
    "failures": 0,
    "start": "2025-01-10T20:40:55.908Z",
    "end": "2025-01-10T20:40:59.998Z",
    "duration": 4090,
    "testsRegistered": 2,
    "passPercent": 100,
    "pendingPercent": 0,
    "other": 0,
    "hasOther": false,
    "skipped": 0,
    "hasSkipped": false
  },
  "results": [
    {
      "uuid": "31b1a54b-feb8-46de-a9ed-55b6e62b5c54",
      "title": "",
      "fullFile": "cypress/e2e/pratica2.cy.js",
      "file": "cypress/e2e/pratica2.cy.js",
      "beforeHooks": [],
      "afterHooks": [],
      "tests": [],
      "suites": [
        {
          "uuid": "e3306a5f-8ec2-4bf1-a9c9-fb9959828ae2",
          "title": "Página de login",
          "fullFile": "",
          "file": "",
          "beforeHooks": [],
          "afterHooks": [],
          "tests": [
            {
              "title": "Deve preencher o campo de email incorretamente e conferir a mensagem de falha no login sobre o email incorreto, seguindo a regra de negócios",
              "fullTitle": "Página de login Deve preencher o campo de email incorretamente e conferir a mensagem de falha no login sobre o email incorreto, seguindo a regra de negócios",
              "timedOut": null,
              "duration": 1238,
              "state": "passed",
              "speed": "fast",
              "pass": true,
              "fail": false,
              "pending": false,
              "context": null,
              "code": "// conferindo a mensagem de falha no login sobre o email incorreto\ncy.get('[data-test=\"input-loginEmail\"]').type('vitorbaiensegmail.com');\ncy.get('[data-test=\"input-loginPassword\"]').type('Vitor1234');\ncy.contains('Por favor, verifique o email digitado').should('be.visible');",
              "err": {},
              "uuid": "fcbe0a76-0407-4168-83bc-fca7f597b317",
              "parentUUID": "e3306a5f-8ec2-4bf1-a9c9-fb9959828ae2",
              "isHook": false,
              "skipped": false
            },
            {
              "title": "Deve preencher o campo de senha incorretamente e confer a mensagem de falha no login sobre a senha, seguindo a regra de negócios",
              "fullTitle": "Página de login Deve preencher o campo de senha incorretamente e confer a mensagem de falha no login sobre a senha, seguindo a regra de negócios",
              "timedOut": null,
              "duration": 1410,
              "state": "passed",
              "speed": "fast",
              "pass": true,
              "fail": false,
              "pending": false,
              "context": null,
              "code": "cy.get('[data-test=\"input-loginEmail\"]').type('vitorbaiense@gmail.com');\ncy.get('[data-test=\"input-loginPassword\"]').type('vitor21');\ncy.get('[data-test=\"submit-button\"]').click();\ncy.contains('A senha deve conter pelo menos uma letra maiúscula, um número e ter entre 6 e 15 caracteres').should('be.visible');",
              "err": {},
              "uuid": "8f03b940-2441-47a3-9a9e-0ca6c39a2ae0",
              "parentUUID": "e3306a5f-8ec2-4bf1-a9c9-fb9959828ae2",
              "isHook": false,
              "skipped": false
            }
          ],
          "suites": [],
          "passes": [
            "fcbe0a76-0407-4168-83bc-fca7f597b317",
            "8f03b940-2441-47a3-9a9e-0ca6c39a2ae0"
          ],
          "failures": [],
          "pending": [],
          "skipped": [],
          "duration": 2648,
          "root": false,
          "rootEmpty": false,
          "_timeout": 2000
        }
      ],
      "passes": [],
      "failures": [],
      "pending": [],
      "skipped": [],
      "duration": 0,
      "root": true,
      "rootEmpty": true,
      "_timeout": 2000
    }
  ],
  "meta": {
    "mocha": {
      "version": "7.0.1"
    },
    "mochawesome": {
      "options": {
        "quiet": false,
        "reportFilename": "mochawesome",
        "saveHtml": false,
        "saveJson": true,
        "consoleReporter": "spec",
        "useInlineDiffs": false,
        "code": true
      },
      "version": "7.1.3"
    },
    "marge": {
      "options": {
        "reportDir": "curso_cypress/results",
        "overwrite": false,
        "html": false,
        "json": true,
        "timestamp": "mmddyyyy_HHMMss"
      },
      "version": "6.2.0"
    }
  }
}