{
  "stats": {
    "suites": 1,
    "tests": 2,
    "passes": 1,
    "pending": 0,
    "failures": 1,
    "start": "2025-01-13T14:28:29.074Z",
    "end": "2025-01-13T14:28:38.712Z",
    "duration": 9638,
    "testsRegistered": 2,
    "passPercent": 50,
    "pendingPercent": 0,
    "other": 0,
    "hasOther": false,
    "skipped": 0,
    "hasSkipped": false
  },
  "results": [
    {
      "uuid": "7040b1ba-2424-4fea-8b06-18094a7fe09f",
      "title": "",
      "fullFile": "cypress/e2e/pratica2.cy.js",
      "file": "cypress/e2e/pratica2.cy.js",
      "beforeHooks": [],
      "afterHooks": [],
      "tests": [],
      "suites": [
        {
          "uuid": "c850221b-4ae0-479b-ad87-3b8658458408",
          "title": "Página de login",
          "fullFile": "",
          "file": "",
          "beforeHooks": [],
          "afterHooks": [],
          "tests": [
            {
              "title": "Deve preencher o campo de email incorretamente e conferir a mensagem de falha no login sobre o email incorreto, seguindo a regra de negócios",
              "fullTitle": "Página de login Deve preencher o campo de email incorretamente e conferir a mensagem de falha no login sobre o email incorreto, seguindo a regra de negócios",
              "timedOut": null,
              "duration": 6071,
              "state": "failed",
              "speed": null,
              "pass": false,
              "fail": true,
              "pending": false,
              "context": null,
              "code": "// conferindo a mensagem de falha no login sobre o email incorreto\ncy.login('vitorbaiense@gmail.com', 'Vitor1234');\n// cy.get('[data-test=\"input-loginEmail\"]').type('vitorbaiensegmail.com');\n// cy.get('[data-test=\"input-loginPassword\"]').type('Vitor1234')\ncy.contains('Por favor, verifique o email digitado').should('be.visible');",
              "err": {
                "message": "AssertionError: Timed out retrying after 4000ms: Expected to find content: 'Por favor, verifique o email digitado' but never did.",
                "estack": "AssertionError: Timed out retrying after 4000ms: Expected to find content: 'Por favor, verifique o email digitado' but never did.\n    at Context.eval (webpack:///./cypress/e2e/pratica2.cy.js:13:59)",
                "diff": null
              },
              "uuid": "c051ef37-858a-4155-b8b1-246eec9f3a87",
              "parentUUID": "c850221b-4ae0-479b-ad87-3b8658458408",
              "isHook": false,
              "skipped": false
            },
            {
              "title": "Deve preencher o campo de senha incorretamente e confer a mensagem de falha no login sobre a senha, seguindo a regra de negócios",
              "fullTitle": "Página de login Deve preencher o campo de senha incorretamente e confer a mensagem de falha no login sobre a senha, seguindo a regra de negócios",
              "timedOut": null,
              "duration": 1884,
              "state": "passed",
              "speed": "fast",
              "pass": true,
              "fail": false,
              "pending": false,
              "context": null,
              "code": "cy.get('[data-test=\"input-loginEmail\"]').type('vitorbaiense@gmail.com');\ncy.get('[data-test=\"input-loginPassword\"]').type('vitor21');\ncy.get('[data-test=\"submit-button\"]').click();\ncy.contains('A senha deve conter pelo menos uma letra maiúscula, um número e ter entre 6 e 15 caracteres').should('be.visible');",
              "err": {},
              "uuid": "a4ce3929-46c4-4eec-9ea9-dc83dabfa000",
              "parentUUID": "c850221b-4ae0-479b-ad87-3b8658458408",
              "isHook": false,
              "skipped": false
            }
          ],
          "suites": [],
          "passes": [
            "a4ce3929-46c4-4eec-9ea9-dc83dabfa000"
          ],
          "failures": [
            "c051ef37-858a-4155-b8b1-246eec9f3a87"
          ],
          "pending": [],
          "skipped": [],
          "duration": 7955,
          "root": false,
          "rootEmpty": false,
          "_timeout": 2000
        }
      ],
      "passes": [],
      "failures": [],
      "pending": [],
      "skipped": [],
      "duration": 0,
      "root": true,
      "rootEmpty": true,
      "_timeout": 2000
    }
  ],
  "meta": {
    "mocha": {
      "version": "7.0.1"
    },
    "mochawesome": {
      "options": {
        "quiet": false,
        "reportFilename": "mochawesome",
        "saveHtml": false,
        "saveJson": true,
        "consoleReporter": "spec",
        "useInlineDiffs": false,
        "code": true
      },
      "version": "7.1.3"
    },
    "marge": {
      "options": {
        "reportDir": "curso_cypress/results",
        "overwrite": false,
        "html": false,
        "json": true,
        "timestamp": "mmddyyyy_HHMMss"
      },
      "version": "6.2.0"
    }
  }
}