{
  "stats": {
    "suites": 1,
    "tests": 1,
    "passes": 1,
    "pending": 0,
    "failures": 0,
    "start": "2025-01-10T20:52:08.271Z",
    "end": "2025-01-10T20:52:22.115Z",
    "duration": 13844,
    "testsRegistered": 1,
    "passPercent": 100,
    "pendingPercent": 0,
    "other": 0,
    "hasOther": false,
    "skipped": 0,
    "hasSkipped": false
  },
  "results": [
    {
      "uuid": "c423ebd1-59cb-427a-8e6a-91d65304f669",
      "title": "",
      "fullFile": "cypress/e2e/pratica1.cy.js",
      "file": "cypress/e2e/pratica1.cy.js",
      "beforeHooks": [],
      "afterHooks": [],
      "tests": [],
      "suites": [
        {
          "uuid": "11a23022-ef95-4e04-bba9-1e73881d62c1",
          "title": "acessando diferentes páginas do ADOPET",
          "fullFile": "",
          "file": "",
          "beforeHooks": [],
          "afterHooks": [],
          "tests": [
            {
              "title": "Deve acessar a página inicial e clicar no botão \"Ver pets disponíveis para adoção”, Visite a página de principal do AdoPet e teste os botões header, Visite a página de /login do Adopet, Visite a página de /home do Adopet, Visite a página de /home do AdoPet e clique no botão “Falar com o responsável”",
              "fullTitle": "acessando diferentes páginas do ADOPET Deve acessar a página inicial e clicar no botão \"Ver pets disponíveis para adoção”, Visite a página de principal do AdoPet e teste os botões header, Visite a página de /login do Adopet, Visite a página de /home do Adopet, Visite a página de /home do AdoPet e clique no botão “Falar com o responsável”",
              "timedOut": null,
              "duration": 12523,
              "state": "passed",
              "speed": "slow",
              "pass": true,
              "fail": false,
              "pending": false,
              "context": null,
              "code": "cy.wait(2000);\ncy.get('a[href=\"/\"]').click();\ncy.wait(2000);\ncy.get('a[href=\"/mensagem\"').click();\ncy.wait(2000);\ncy.get('a[href=\"/\"]').click();\ncy.contains('a', 'Fazer login').click();\ncy.login('vitorbaiense@gmail.com', 'Vitor1234');\n// cy.get('input[name=\"email\"]').type('vitorbaiense@gmail.com');\n// cy.get('input[name=\"password\"]').type('Vitor1234');\ncy.contains('button', 'Entrar').click();\ncy.wait(4000);\ncy.get('div[class=\"card\"]').contains('a', 'Falar com responsável').click();\n//cy.contains('card').children('h4','Yoda').should('a', 'Falar com responsável').click(); / tentantiva de selecionar o botão de falar com responsável do Yoda, e não o primeiro botão.",
              "err": {},
              "uuid": "8390e6ae-e283-46a3-a3a4-bf797b184d9c",
              "parentUUID": "11a23022-ef95-4e04-bba9-1e73881d62c1",
              "isHook": false,
              "skipped": false
            }
          ],
          "suites": [],
          "passes": [
            "8390e6ae-e283-46a3-a3a4-bf797b184d9c"
          ],
          "failures": [],
          "pending": [],
          "skipped": [],
          "duration": 12523,
          "root": false,
          "rootEmpty": false,
          "_timeout": 2000
        }
      ],
      "passes": [],
      "failures": [],
      "pending": [],
      "skipped": [],
      "duration": 0,
      "root": true,
      "rootEmpty": true,
      "_timeout": 2000
    }
  ],
  "meta": {
    "mocha": {
      "version": "7.0.1"
    },
    "mochawesome": {
      "options": {
        "quiet": false,
        "reportFilename": "mochawesome",
        "saveHtml": false,
        "saveJson": true,
        "consoleReporter": "spec",
        "useInlineDiffs": false,
        "code": true
      },
      "version": "7.1.3"
    },
    "marge": {
      "options": {
        "reportDir": "curso_cypress/results",
        "overwrite": false,
        "html": false,
        "json": true,
        "timestamp": "mmddyyyy_HHMMss"
      },
      "version": "6.2.0"
    }
  }
}