{
  "stats": {
    "suites": 1,
    "tests": 1,
    "passes": 1,
    "pending": 0,
    "failures": 0,
    "start": "2025-01-10T20:40:17.205Z",
    "end": "2025-01-10T20:40:21.171Z",
    "duration": 3966,
    "testsRegistered": 1,
    "passPercent": 100,
    "pendingPercent": 0,
    "other": 0,
    "hasOther": false,
    "skipped": 0,
    "hasSkipped": false
  },
  "results": [
    {
      "uuid": "3ca1c2c8-6c7c-45c1-994c-b9bfd80ff379",
      "title": "",
      "fullFile": "cypress/e2e/cadastro-incorreto.cy.js",
      "file": "cypress/e2e/cadastro-incorreto.cy.js",
      "beforeHooks": [],
      "afterHooks": [],
      "tests": [],
      "suites": [
        {
          "uuid": "31d50f13-3522-4dfb-9147-7a44c8d6bf27",
          "title": "Página de cadastro do ADOPET",
          "fullFile": "",
          "file": "",
          "beforeHooks": [],
          "afterHooks": [],
          "tests": [
            {
              "title": "Preencher os campos do formulário incorretamente e exibir mensagens ao usuário",
              "fullTitle": "Página de cadastro do ADOPET Preencher os campos do formulário incorretamente e exibir mensagens ao usuário",
              "timedOut": null,
              "duration": 2509,
              "state": "passed",
              "speed": "fast",
              "pass": true,
              "fail": false,
              "pending": false,
              "context": null,
              "code": "//   cy.get('input[name=\"nome\"]').type('vitor baiense');\n//   cy.get('input[name=\"email\"]').type('vitorbaiense@gmail.com');\n//   cy.get('input[name=\"password\"]').type('Vitor1234');\n//   cy.get('input[name=\"confirm_password\"]').type('Vitor1234');\ncy.contains('button', 'Cadastrar').click();\ncy.contains('É necessário informar um endereço de email').should('be.visible');\ncy.contains('Crie uma senha').should('be.visible');\ncy.contains('Repita a senha criada acima').should('be.visible');",
              "err": {},
              "uuid": "50cd4a1c-aa9a-4fdc-b576-0e3184e437bb",
              "parentUUID": "31d50f13-3522-4dfb-9147-7a44c8d6bf27",
              "isHook": false,
              "skipped": false
            }
          ],
          "suites": [],
          "passes": [
            "50cd4a1c-aa9a-4fdc-b576-0e3184e437bb"
          ],
          "failures": [],
          "pending": [],
          "skipped": [],
          "duration": 2509,
          "root": false,
          "rootEmpty": false,
          "_timeout": 2000
        }
      ],
      "passes": [],
      "failures": [],
      "pending": [],
      "skipped": [],
      "duration": 0,
      "root": true,
      "rootEmpty": true,
      "_timeout": 2000
    }
  ],
  "meta": {
    "mocha": {
      "version": "7.0.1"
    },
    "mochawesome": {
      "options": {
        "quiet": false,
        "reportFilename": "mochawesome",
        "saveHtml": false,
        "saveJson": true,
        "consoleReporter": "spec",
        "useInlineDiffs": false,
        "code": true
      },
      "version": "7.1.3"
    },
    "marge": {
      "options": {
        "reportDir": "curso_cypress/results",
        "overwrite": false,
        "html": false,
        "json": true,
        "timestamp": "mmddyyyy_HHMMss"
      },
      "version": "6.2.0"
    }
  }
}