{
  "stats": {
    "suites": 1,
    "tests": 2,
    "passes": 2,
    "pending": 0,
    "failures": 0,
    "start": "2025-01-10T20:41:04.048Z",
    "end": "2025-01-10T20:41:07.202Z",
    "duration": 3154,
    "testsRegistered": 2,
    "passPercent": 100,
    "pendingPercent": 0,
    "other": 0,
    "hasOther": false,
    "skipped": 0,
    "hasSkipped": false
  },
  "results": [
    {
      "uuid": "fe97aa5f-bd33-4c8a-9cf9-3b8ee4810137",
      "title": "",
      "fullFile": "cypress/e2e/pratica3.cy.js",
      "file": "cypress/e2e/pratica3.cy.js",
      "beforeHooks": [],
      "afterHooks": [],
      "tests": [],
      "suites": [
        {
          "uuid": "e9bc70b4-ceb4-4fb5-88a8-de887a087c85",
          "title": "Verificação de texto sobre a pagina inicial AdoPet",
          "fullFile": "",
          "file": "",
          "beforeHooks": [],
          "afterHooks": [],
          "tests": [
            {
              "title": "Deve acessar a página e conferir todos os textos apresentados na tela",
              "fullTitle": "Verificação de texto sobre a pagina inicial AdoPet Deve acessar a página e conferir todos os textos apresentados na tela",
              "timedOut": null,
              "duration": 333,
              "state": "passed",
              "speed": "fast",
              "pass": true,
              "fail": false,
              "pending": false,
              "context": null,
              "code": "cy.title().should('eq', 'AdoPet');\ncy.contains('Quem ama adota!').should('be.visible');\ncy.contains('p', 'Adotar pode mudar uma vida. Que tal buscar seu novo melhor amigo hoje? Vem com a gente!').should('be.visible');",
              "err": {},
              "uuid": "93bb02f1-2713-43d8-9a85-666b3e72d46e",
              "parentUUID": "e9bc70b4-ceb4-4fb5-88a8-de887a087c85",
              "isHook": false,
              "skipped": false
            },
            {
              "title": "Deve acessar a página, clicar no botão de ícone da mensagem no na header e realizar o login corretamente",
              "fullTitle": "Verificação de texto sobre a pagina inicial AdoPet Deve acessar a página, clicar no botão de ícone da mensagem no na header e realizar o login corretamente",
              "timedOut": null,
              "duration": 1415,
              "state": "passed",
              "speed": "fast",
              "pass": true,
              "fail": false,
              "pending": false,
              "context": null,
              "code": "cy.get('.header__message').click();\ncy.get('input[name=\"email\"]').type('vitorbaiense@gmail.com');\ncy.get('input[name=\"password\"]').type('Vitor1234');\ncy.get('[data-test=\"submit-button\"]').click();",
              "err": {},
              "uuid": "0369fb23-6e1e-431b-a148-a0bcd572fafe",
              "parentUUID": "e9bc70b4-ceb4-4fb5-88a8-de887a087c85",
              "isHook": false,
              "skipped": false
            }
          ],
          "suites": [],
          "passes": [
            "93bb02f1-2713-43d8-9a85-666b3e72d46e",
            "0369fb23-6e1e-431b-a148-a0bcd572fafe"
          ],
          "failures": [],
          "pending": [],
          "skipped": [],
          "duration": 1748,
          "root": false,
          "rootEmpty": false,
          "_timeout": 2000
        }
      ],
      "passes": [],
      "failures": [],
      "pending": [],
      "skipped": [],
      "duration": 0,
      "root": true,
      "rootEmpty": true,
      "_timeout": 2000
    }
  ],
  "meta": {
    "mocha": {
      "version": "7.0.1"
    },
    "mochawesome": {
      "options": {
        "quiet": false,
        "reportFilename": "mochawesome",
        "saveHtml": false,
        "saveJson": true,
        "consoleReporter": "spec",
        "useInlineDiffs": false,
        "code": true
      },
      "version": "7.1.3"
    },
    "marge": {
      "options": {
        "reportDir": "curso_cypress/results",
        "overwrite": false,
        "html": false,
        "json": true,
        "timestamp": "mmddyyyy_HHMMss"
      },
      "version": "6.2.0"
    }
  }
}