{
  "stats": {
    "suites": 1,
    "tests": 1,
    "passes": 1,
    "pending": 0,
    "failures": 0,
    "start": "2025-01-10T20:51:00.895Z",
    "end": "2025-01-10T20:51:03.683Z",
    "duration": 2788,
    "testsRegistered": 1,
    "passPercent": 100,
    "pendingPercent": 0,
    "other": 0,
    "hasOther": false,
    "skipped": 0,
    "hasSkipped": false
  },
  "results": [
    {
      "uuid": "059e70e0-8d98-4659-b5fa-367934c3dd0f",
      "title": "",
      "fullFile": "cypress/e2e/login-correto.cy.js",
      "file": "cypress/e2e/login-correto.cy.js",
      "beforeHooks": [],
      "afterHooks": [],
      "tests": [],
      "suites": [
        {
          "uuid": "63d2e963-a009-4f09-937e-2c366c23a77e",
          "title": "Página de login",
          "fullFile": "",
          "file": "",
          "beforeHooks": [],
          "afterHooks": [],
          "tests": [
            {
              "title": "Deve preencher os campos do login corretamente e autenticar o usuário na página",
              "fullTitle": "Página de login Deve preencher os campos do login corretamente e autenticar o usuário na página",
              "timedOut": null,
              "duration": 1497,
              "state": "passed",
              "speed": "fast",
              "pass": true,
              "fail": false,
              "pending": false,
              "context": null,
              "code": "cy.login('vitorbaiense@gmail.com', 'Vitor1234');\n// cy.get('[data-test=\"input-loginEmail\"]').type('vitorbaiense@gmail.com');\n// cy.get('[data-test=\"input-loginPassword\"]').type('Vitor1234');\n// cy.get('[data-test=\"submit-button\"]').click();",
              "err": {},
              "uuid": "42fedacd-b1a0-402e-8c9e-062d468476c7",
              "parentUUID": "63d2e963-a009-4f09-937e-2c366c23a77e",
              "isHook": false,
              "skipped": false
            }
          ],
          "suites": [],
          "passes": [
            "42fedacd-b1a0-402e-8c9e-062d468476c7"
          ],
          "failures": [],
          "pending": [],
          "skipped": [],
          "duration": 1497,
          "root": false,
          "rootEmpty": false,
          "_timeout": 2000
        }
      ],
      "passes": [],
      "failures": [],
      "pending": [],
      "skipped": [],
      "duration": 0,
      "root": true,
      "rootEmpty": true,
      "_timeout": 2000
    }
  ],
  "meta": {
    "mocha": {
      "version": "7.0.1"
    },
    "mochawesome": {
      "options": {
        "quiet": false,
        "reportFilename": "mochawesome",
        "saveHtml": false,
        "saveJson": true,
        "consoleReporter": "spec",
        "useInlineDiffs": false,
        "code": true
      },
      "version": "7.1.3"
    },
    "marge": {
      "options": {
        "reportDir": "curso_cypress/results",
        "overwrite": false,
        "html": false,
        "json": true,
        "timestamp": "mmddyyyy_HHMMss"
      },
      "version": "6.2.0"
    }
  }
}