{
  "stats": {
    "suites": 1,
    "tests": 1,
    "passes": 1,
    "pending": 0,
    "failures": 0,
    "start": "2025-01-10T20:40:07.507Z",
    "end": "2025-01-10T20:40:12.526Z",
    "duration": 5019,
    "testsRegistered": 1,
    "passPercent": 100,
    "pendingPercent": 0,
    "other": 0,
    "hasOther": false,
    "skipped": 0,
    "hasSkipped": false
  },
  "results": [
    {
      "uuid": "a0c255c8-d50c-4fe4-a546-18e734ccd9f0",
      "title": "",
      "fullFile": "cypress/e2e/cadastro-completo.cy.js",
      "file": "cypress/e2e/cadastro-completo.cy.js",
      "beforeHooks": [],
      "afterHooks": [],
      "tests": [],
      "suites": [
        {
          "uuid": "1274d8d0-1368-42aa-8d41-ef9cb8ebfd36",
          "title": "Verificação de cadastro do ADOPET",
          "fullFile": "",
          "file": "",
          "beforeHooks": [],
          "afterHooks": [],
          "tests": [
            {
              "title": "Deve acessar a página, ir para a página de cadastro, preencher os dados corretamente e criar cadastro",
              "fullTitle": "Verificação de cadastro do ADOPET Deve acessar a página, ir para a página de cadastro, preencher os dados corretamente e criar cadastro",
              "timedOut": null,
              "duration": 3141,
              "state": "passed",
              "speed": "fast",
              "pass": true,
              "fail": false,
              "pending": false,
              "context": null,
              "code": "cy.cadastrar('vitor baiense', 'vitorbaiense@gmail.com', 'Vitor1234');\n// cy.get('input[name=\"nome\"]').type('vitor baiense');\n// cy.get('input[name=\"email\"]').type('vitorbaiense@gmail.com');\n// cy.get('input[name=\"password\"]').type('Vitor1234');\n// cy.get('input[name=\"confirm_password\"]').type('Vitor1234');\n// cy.contains('button', 'Cadastrar').click();",
              "err": {},
              "uuid": "e64c8330-e7ac-4fab-be16-3d5b0a1150e5",
              "parentUUID": "1274d8d0-1368-42aa-8d41-ef9cb8ebfd36",
              "isHook": false,
              "skipped": false
            }
          ],
          "suites": [],
          "passes": [
            "e64c8330-e7ac-4fab-be16-3d5b0a1150e5"
          ],
          "failures": [],
          "pending": [],
          "skipped": [],
          "duration": 3141,
          "root": false,
          "rootEmpty": false,
          "_timeout": 2000
        }
      ],
      "passes": [],
      "failures": [],
      "pending": [],
      "skipped": [],
      "duration": 0,
      "root": true,
      "rootEmpty": true,
      "_timeout": 2000
    }
  ],
  "meta": {
    "mocha": {
      "version": "7.0.1"
    },
    "mochawesome": {
      "options": {
        "quiet": false,
        "reportFilename": "mochawesome",
        "saveHtml": false,
        "saveJson": true,
        "consoleReporter": "spec",
        "useInlineDiffs": false,
        "code": true
      },
      "version": "7.1.3"
    },
    "marge": {
      "options": {
        "reportDir": "curso_cypress/results",
        "overwrite": false,
        "html": false,
        "json": true,
        "timestamp": "mmddyyyy_HHMMss"
      },
      "version": "6.2.0"
    }
  }
}