{
  "stats": {
    "suites": 1,
    "tests": 2,
    "passes": 2,
    "pending": 0,
    "failures": 0,
    "start": "2025-01-13T14:27:36.910Z",
    "end": "2025-01-13T14:27:40.732Z",
    "duration": 3822,
    "testsRegistered": 2,
    "passPercent": 100,
    "pendingPercent": 0,
    "other": 0,
    "hasOther": false,
    "skipped": 0,
    "hasSkipped": false
  },
  "results": [
    {
      "uuid": "7b5e0811-1cbe-4ddd-81fa-b7dcf7684603",
      "title": "",
      "fullFile": "cypress/e2e/pratica3.cy.js",
      "file": "cypress/e2e/pratica3.cy.js",
      "beforeHooks": [],
      "afterHooks": [],
      "tests": [],
      "suites": [
        {
          "uuid": "c9527c0e-b6cc-4f1f-930a-f847d93ca2d3",
          "title": "Verificação de texto sobre a pagina inicial AdoPet",
          "fullFile": "",
          "file": "",
          "beforeHooks": [],
          "afterHooks": [],
          "tests": [
            {
              "title": "Deve acessar a página e conferir todos os textos apresentados na tela",
              "fullTitle": "Verificação de texto sobre a pagina inicial AdoPet Deve acessar a página e conferir todos os textos apresentados na tela",
              "timedOut": null,
              "duration": 589,
              "state": "passed",
              "speed": "fast",
              "pass": true,
              "fail": false,
              "pending": false,
              "context": null,
              "code": "cy.title().should('eq', 'AdoPet');\ncy.contains('Quem ama adota!').should('be.visible');\ncy.contains('p', 'Adotar pode mudar uma vida. Que tal buscar seu novo melhor amigo hoje? Vem com a gente!').should('be.visible');",
              "err": {},
              "uuid": "eb05a443-e817-4585-bbe3-6d761ff142ac",
              "parentUUID": "c9527c0e-b6cc-4f1f-930a-f847d93ca2d3",
              "isHook": false,
              "skipped": false
            },
            {
              "title": "Deve acessar a página, clicar no botão de ícone da mensagem no na header e realizar o login corretamente",
              "fullTitle": "Verificação de texto sobre a pagina inicial AdoPet Deve acessar a página, clicar no botão de ícone da mensagem no na header e realizar o login corretamente",
              "timedOut": null,
              "duration": 1281,
              "state": "passed",
              "speed": "fast",
              "pass": true,
              "fail": false,
              "pending": false,
              "context": null,
              "code": "cy.get('.header__message').click();\ncy.login('vitorbaiense@gmail.com', 'Vitor1234');\n// cy.get('input[name=\"email\"]').type('vitorbaiense@gmail.com');\n// cy.get('input[name=\"password\"]').type('Vitor1234');\ncy.get('[data-test=\"submit-button\"]').click();",
              "err": {},
              "uuid": "f9dbe817-89c2-448e-8f7c-7df54ee4581e",
              "parentUUID": "c9527c0e-b6cc-4f1f-930a-f847d93ca2d3",
              "isHook": false,
              "skipped": false
            }
          ],
          "suites": [],
          "passes": [
            "eb05a443-e817-4585-bbe3-6d761ff142ac",
            "f9dbe817-89c2-448e-8f7c-7df54ee4581e"
          ],
          "failures": [],
          "pending": [],
          "skipped": [],
          "duration": 1870,
          "root": false,
          "rootEmpty": false,
          "_timeout": 2000
        }
      ],
      "passes": [],
      "failures": [],
      "pending": [],
      "skipped": [],
      "duration": 0,
      "root": true,
      "rootEmpty": true,
      "_timeout": 2000
    }
  ],
  "meta": {
    "mocha": {
      "version": "7.0.1"
    },
    "mochawesome": {
      "options": {
        "quiet": false,
        "reportFilename": "mochawesome",
        "saveHtml": false,
        "saveJson": true,
        "consoleReporter": "spec",
        "useInlineDiffs": false,
        "code": true
      },
      "version": "7.1.3"
    },
    "marge": {
      "options": {
        "reportDir": "curso_cypress/results",
        "overwrite": false,
        "html": false,
        "json": true,
        "timestamp": "mmddyyyy_HHMMss"
      },
      "version": "6.2.0"
    }
  }
}